<?xml version="1.0" encoding="UTF-8"?>
<testng-results total="3" passed="3" failed="0" skipped="0">
  <reporter-output>
    <line>
      <![CDATA[[17:07:37.2523653] Navigate to http://prestashop-automation.qatestlab.com.ua/]]>
    </line>
    <line>
      <![CDATA[[17:07:39.8218619] Search for element By.cssSelector: #_desktop_currency_selector > div]]>
    </line>
    <line>
      <![CDATA[[17:07:39.8755014] Search for element By.xpath: //*[@id='carousel']/ul/li[1]/figure/img]]>
    </line>
    <line>
      <![CDATA[[17:07:39.9150813] Search for element By.xpath: //*[@id='content']/section/a]]>
    </line>
    <line>
      <![CDATA[[17:07:39.9371396] Execute script: arguments[0].click()]]>
    </line>
    <line>
      <![CDATA[[17:07:41.0364876] Script executed]]>
    </line>
    <line>
      <![CDATA[[17:07:41.0364876] Search for element By.xpath: //*[@id='main']/div[1]/h1]]>
    </line>
    <line>
      <![CDATA[[17:07:41.0896254] Search for element By.xpath: //*[@class='thumbnail product-thumbnail']]]>
    </line>
    <line>
      <![CDATA[[17:07:41.1126857] Execute script: arguments[0].click()]]>
    </line>
    <line>
      <![CDATA[[17:07:42.4334208] Script executed]]>
    </line>
    <line>
      <![CDATA[[17:07:42.433923] Search for element By.cssSelector: .btn.btn-primary.add-to-cart]]>
    </line>
    <line>
      <![CDATA[[17:07:42.4840617] ACTION: Get information about currently opened product]]>
    </line>
    <line>
      <![CDATA[[17:07:42.4845556] Search for element By.cssSelector: .h1]]>
    </line>
    <line>
      <![CDATA[[17:07:42.5241589] Search for element By.cssSelector: .current-price > span:nth-child(1)]]>
    </line>
    <line>
      <![CDATA[[17:07:42.5632596] Execute script: scroll(0, 350)]]>
    </line>
    <line>
      <![CDATA[[17:07:42.5697763] Script executed]]>
    </line>
    <line>
      <![CDATA[[17:07:42.5697763] Search for element By.cssSelector: li.nav-item:nth-child(2) > a:nth-child(1)]]>
    </line>
    <line>
      <![CDATA[[17:07:42.6259236] Search for element By.cssSelector: li.nav-item:nth-child(2) > a:nth-child(1)]]>
    </line>
    <line>
      <![CDATA[[17:07:42.6424828] Click on element a]]>
    </line>
    <line>
      <![CDATA[[17:07:42.7086389] Search for element By.cssSelector: .h6]]>
    </line>
    <line>
      <![CDATA[[17:07:43.2727797] Search for element By.cssSelector: .product-quantities > span:nth-child(2)]]>
    </line>
    <line>
      <![CDATA[[17:07:43.3188842] Search for element By.xpath: //*[@id='add-to-cart-or-refresh']/div[2]/div[1]/div[2]/button]]>
    </line>
    <line>
      <![CDATA[[17:07:43.3514698] Click on element button]]>
    </line>
    <line>
      <![CDATA[[17:07:43.4071149] Search for element By.xpath: //*[@id='blockcart-modal']/div/div/div[2]/div/div[2]/div/button]]>
    </line>
    <line>
      <![CDATA[[17:07:44.3234637] Search for element By.xpath: //*[@id='blockcart-modal']/div/div/div[2]/div/div[2]/div/a]]>
    </line>
    <line>
      <![CDATA[[17:07:44.3585551] Click on element a]]>
    </line>
    <line>
      <![CDATA[[17:07:45.4262856] Search for element By.cssSelector: i.pull-xs-left]]>
    </line>
    <line>
      <![CDATA[[17:07:45.486443] Search for element By.cssSelector: a.label:nth-child(1)]]>
    </line>
    <line>
      <![CDATA[[17:07:45.5300568] Search for element By.cssSelector: span.value:nth-child(1)]]>
    </line>
    <line>
      <![CDATA[[17:07:45.5731699] Search for element By.cssSelector: .js-cart-line-product-quantity]]>
    </line>
    <line>
      <![CDATA[[17:07:45.6022448] Search for element By.xpath: //*[@class='btn btn-primary']]]>
    </line>
    <line>
      <![CDATA[[17:07:45.6217969] Execute script: arguments[0].click()]]>
    </line>
    <line>
      <![CDATA[[17:07:46.6962605] Script executed]]>
    </line>
    <line>
      <![CDATA[[17:07:46.6962605] Search for element By.xpath: //*[@class='custom-radio']]]>
    </line>
    <line>
      <![CDATA[[17:07:46.7629342] Search for element By.name: firstname]]>
    </line>
    <line>
      <![CDATA[[17:07:46.7950232] Change value of input: Tetiana
]]>
    </line>
    <line>
      <![CDATA[[17:07:46.8857572] Changed element input]]>
    </line>
    <line>
      <![CDATA[[17:07:46.8857572] Search for element By.name: lastname]]>
    </line>
    <line>
      <![CDATA[[17:07:46.9103191] Change value of input: Grotan
]]>
    </line>
    <line>
      <![CDATA[[17:07:46.978497] Changed element input]]>
    </line>
    <line>
      <![CDATA[[17:07:46.9789984] Search for element By.name: email]]>
    </line>
    <line>
      <![CDATA[[17:07:47.0070717] Change value of input: grotan@test.mail.com
]]>
    </line>
    <line>
      <![CDATA[[17:07:47.1479406] Changed element input]]>
    </line>
    <line>
      <![CDATA[[17:07:47.1484443] Search for element By.xpath: //*[@id='customer-form']/footer/button]]>
    </line>
    <line>
      <![CDATA[[17:07:47.1694972] Execute script: arguments[0].click()]]>
    </line>
    <line>
      <![CDATA[[17:07:48.4070564] Script executed]]>
    </line>
    <line>
      <![CDATA[[17:07:48.4070564] Search for element By.name: confirm-addresses]]>
    </line>
    <line>
      <![CDATA[[17:07:48.4581889] Search for element By.name: address1]]>
    </line>
    <line>
      <![CDATA[[17:07:48.4903051] Change value of input: Soborna, 1
]]>
    </line>
    <line>
      <![CDATA[[17:07:48.5940762] Changed element input]]>
    </line>
    <line>
      <![CDATA[[17:07:48.5940762] Search for element By.name: postcode]]>
    </line>
    <line>
      <![CDATA[[17:07:48.6241559] Change value of input: 33000
]]>
    </line>
    <line>
      <![CDATA[[17:07:48.697417] Changed element input]]>
    </line>
    <line>
      <![CDATA[[17:07:48.697417] Search for element By.name: city]]>
    </line>
    <line>
      <![CDATA[[17:07:48.7259867] Change value of input: Rivne
]]>
    </line>
    <line>
      <![CDATA[[17:07:48.7921587] Changed element input]]>
    </line>
    <line>
      <![CDATA[[17:07:48.7921587] Search for element By.name: confirm-addresses]]>
    </line>
    <line>
      <![CDATA[[17:07:48.8016842] Execute script: arguments[0].click()]]>
    </line>
    <line>
      <![CDATA[[17:07:50.070162] Script executed]]>
    </line>
    <line>
      <![CDATA[[17:07:50.070162] Search for element By.name: confirmDeliveryOption]]>
    </line>
    <line>
      <![CDATA[[17:07:50.12226] Search for element By.name: confirmDeliveryOption]]>
    </line>
    <line>
      <![CDATA[[17:07:50.1407481] Click on element button]]>
    </line>
    <line>
      <![CDATA[[17:07:51.3797488] Search for element By.cssSelector: #checkout-payment-step > h1:nth-child(1)]]>
    </line>
    <line>
      <![CDATA[[17:07:51.415843] Search for element By.id: payment-option-2]]>
    </line>
    <line>
      <![CDATA[[17:07:51.4404125] Click on element input]]>
    </line>
    <line>
      <![CDATA[[17:07:51.4987701] Search for element By.id: conditions_to_approve[terms-and-conditions]]]>
    </line>
    <line>
      <![CDATA[[17:07:51.5213294] Execute script: arguments[0].click()]]>
    </line>
    <line>
      <![CDATA[[17:07:51.5328594] Script executed]]>
    </line>
    <line>
      <![CDATA[[17:07:51.5333616] Search for element By.xpath: //*[@id='payment-confirmation']/div[1]/button]]>
    </line>
    <line>
      <![CDATA[[17:07:51.5549166] Execute script: arguments[0].click()]]>
    </line>
    <line>
      <![CDATA[[17:07:52.6918762] Script executed]]>
    </line>
    <line>
      <![CDATA[[17:07:52.6918762] Search for element By.xpath: //*[@id='content-hook_order_confirmation']/div/div/div/h3]]>
    </line>
    <line>
      <![CDATA[[17:07:52.7299738] Search for element By.xpath: //*[@id='content-hook_order_confirmation']/div/div/div/h3]]>
    </line>
    <line>
      <![CDATA[[17:07:52.7675748] Search for element By.xpath: //*[@id='order-items']/div/div/div[3]/div/div[1]]]>
    </line>
    <line>
      <![CDATA[[17:07:52.8091799] Search for element By.xpath: //*[@id='order-items']/div/div/div[2]/span]]>
    </line>
    <line>
      <![CDATA[[17:07:52.8482822] Search for element By.xpath: //*[@id='order-items']/div/div/div[3]/div/div[2]]]>
    </line>
    <line>
      <![CDATA[[17:07:52.8898915] Navigate to http://prestashop-automation.qatestlab.com.ua/]]>
    </line>
    <line>
      <![CDATA[[17:07:54.3004067] Search for element By.xpath: //*[@id='content']/section/a]]>
    </line>
    <line>
      <![CDATA[[17:07:54.3781094] Execute script: arguments[0].click()]]>
    </line>
    <line>
      <![CDATA[[17:07:55.57022] Script executed]]>
    </line>
    <line>
      <![CDATA[[17:07:55.57022] Search for element By.xpath: //*[@id='main']/div[1]/h1]]>
    </line>
    <line>
      <![CDATA[[17:07:55.6143351] Search for element By.xpath: //*[contains(text(),'Printed Chiffon Dress')]]]>
    </line>
    <line>
      <![CDATA[[17:07:55.6373962] Execute script: arguments[0].click()]]>
    </line>
    <line>
      <![CDATA[[17:07:56.8833117] Script executed]]>
    </line>
    <line>
      <![CDATA[[17:07:56.8833117] Execute script: scroll(0, 350)]]>
    </line>
    <line>
      <![CDATA[[17:07:56.8893274] Script executed]]>
    </line>
    <line>
      <![CDATA[[17:07:56.8893274] Search for element By.cssSelector: li.nav-item:nth-child(2) > a:nth-child(1)]]>
    </line>
    <line>
      <![CDATA[[17:07:56.9605134] Search for element By.cssSelector: li.nav-item:nth-child(2) > a:nth-child(1)]]>
    </line>
    <line>
      <![CDATA[[17:07:56.9785612] Click on element a]]>
    </line>
    <line>
      <![CDATA[[17:07:57.051251] Search for element By.cssSelector: .h6]]>
    </line>
    <line>
      <![CDATA[[17:07:57.6043089] Search for element By.cssSelector: .product-quantities > span:nth-child(2)]]>
    </line>
  </reporter-output>
  <suite started-at="2017-10-19T14:07:33Z" name="Products Management" finished-at="2017-10-19T14:07:59Z" duration-ms="26040">
    <groups>
    </groups>
    <test started-at="2017-10-19T14:07:33Z" name="Create New Order [Chrome]" finished-at="2017-10-19T14:07:59Z" duration-ms="26040">
      <class name="myprojects.automation.assignment5.tests.PlaceOrderTest">
        <test-method is-config="true" signature="setUp(java.lang.String, java.lang.String)[pri:0, instance:myprojects.automation.assignment5.tests.PlaceOrderTest@313ac989]" started-at="2017-10-19T17:07:33Z" name="setUp" finished-at="2017-10-19T17:07:37Z" duration-ms="3786" status="PASS">
          <params>
            <param index="0">
              <value>
                <![CDATA[chrome]]>
              </value>
            </param>
            <param index="1">
              <value>
                <![CDATA[]]>
              </value>
            </param>
          </params>
          <reporter-output>
          </reporter-output>
        </test-method> <!-- setUp -->
        <test-method signature="checkSiteVersion()[pri:0, instance:myprojects.automation.assignment5.tests.PlaceOrderTest@313ac989]" started-at="2017-10-19T17:07:37Z" name="checkSiteVersion" finished-at="2017-10-19T17:07:39Z" duration-ms="2664" status="PASS">
          <reporter-output>
            <line>
              <![CDATA[[17:07:37.2523653] Navigate to http://prestashop-automation.qatestlab.com.ua/]]>
            </line>
            <line>
              <![CDATA[[17:07:39.8218619] Search for element By.cssSelector: #_desktop_currency_selector > div]]>
            </line>
            <line>
              <![CDATA[[17:07:39.8755014] Search for element By.xpath: //*[@id='carousel']/ul/li[1]/figure/img]]>
            </line>
          </reporter-output>
        </test-method> <!-- checkSiteVersion -->
        <test-method signature="createNewOrder()[pri:0, instance:myprojects.automation.assignment5.tests.PlaceOrderTest@313ac989]" started-at="2017-10-19T17:07:39Z" name="createNewOrder" finished-at="2017-10-19T17:07:45Z" duration-ms="5686" status="PASS">
          <reporter-output>
            <line>
              <![CDATA[[17:07:39.9150813] Search for element By.xpath: //*[@id='content']/section/a]]>
            </line>
            <line>
              <![CDATA[[17:07:39.9371396] Execute script: arguments[0].click()]]>
            </line>
            <line>
              <![CDATA[[17:07:41.0364876] Script executed]]>
            </line>
            <line>
              <![CDATA[[17:07:41.0364876] Search for element By.xpath: //*[@id='main']/div[1]/h1]]>
            </line>
            <line>
              <![CDATA[[17:07:41.0896254] Search for element By.xpath: //*[@class='thumbnail product-thumbnail']]]>
            </line>
            <line>
              <![CDATA[[17:07:41.1126857] Execute script: arguments[0].click()]]>
            </line>
            <line>
              <![CDATA[[17:07:42.4334208] Script executed]]>
            </line>
            <line>
              <![CDATA[[17:07:42.433923] Search for element By.cssSelector: .btn.btn-primary.add-to-cart]]>
            </line>
            <line>
              <![CDATA[[17:07:42.4840617] ACTION: Get information about currently opened product]]>
            </line>
            <line>
              <![CDATA[[17:07:42.4845556] Search for element By.cssSelector: .h1]]>
            </line>
            <line>
              <![CDATA[[17:07:42.5241589] Search for element By.cssSelector: .current-price > span:nth-child(1)]]>
            </line>
            <line>
              <![CDATA[[17:07:42.5632596] Execute script: scroll(0, 350)]]>
            </line>
            <line>
              <![CDATA[[17:07:42.5697763] Script executed]]>
            </line>
            <line>
              <![CDATA[[17:07:42.5697763] Search for element By.cssSelector: li.nav-item:nth-child(2) > a:nth-child(1)]]>
            </line>
            <line>
              <![CDATA[[17:07:42.6259236] Search for element By.cssSelector: li.nav-item:nth-child(2) > a:nth-child(1)]]>
            </line>
            <line>
              <![CDATA[[17:07:42.6424828] Click on element a]]>
            </line>
            <line>
              <![CDATA[[17:07:42.7086389] Search for element By.cssSelector: .h6]]>
            </line>
            <line>
              <![CDATA[[17:07:43.2727797] Search for element By.cssSelector: .product-quantities > span:nth-child(2)]]>
            </line>
            <line>
              <![CDATA[[17:07:43.3188842] Search for element By.xpath: //*[@id='add-to-cart-or-refresh']/div[2]/div[1]/div[2]/button]]>
            </line>
            <line>
              <![CDATA[[17:07:43.3514698] Click on element button]]>
            </line>
            <line>
              <![CDATA[[17:07:43.4071149] Search for element By.xpath: //*[@id='blockcart-modal']/div/div/div[2]/div/div[2]/div/button]]>
            </line>
            <line>
              <![CDATA[[17:07:44.3234637] Search for element By.xpath: //*[@id='blockcart-modal']/div/div/div[2]/div/div[2]/div/a]]>
            </line>
            <line>
              <![CDATA[[17:07:44.3585551] Click on element a]]>
            </line>
            <line>
              <![CDATA[[17:07:45.4262856] Search for element By.cssSelector: i.pull-xs-left]]>
            </line>
            <line>
              <![CDATA[[17:07:45.486443] Search for element By.cssSelector: a.label:nth-child(1)]]>
            </line>
            <line>
              <![CDATA[[17:07:45.5300568] Search for element By.cssSelector: span.value:nth-child(1)]]>
            </line>
            <line>
              <![CDATA[[17:07:45.5731699] Search for element By.cssSelector: .js-cart-line-product-quantity]]>
            </line>
          </reporter-output>
        </test-method> <!-- createNewOrder -->
        <test-method signature="fillInOrderInfo()[pri:0, instance:myprojects.automation.assignment5.tests.PlaceOrderTest@313ac989]" started-at="2017-10-19T17:07:45Z" name="fillInOrderInfo" finished-at="2017-10-19T17:07:57Z" depends-on-methods="myprojects.automation.assignment5.tests.PlaceOrderTest.createNewOrder" duration-ms="12047" status="PASS">
          <reporter-output>
            <line>
              <![CDATA[[17:07:45.6022448] Search for element By.xpath: //*[@class='btn btn-primary']]]>
            </line>
            <line>
              <![CDATA[[17:07:45.6217969] Execute script: arguments[0].click()]]>
            </line>
            <line>
              <![CDATA[[17:07:46.6962605] Script executed]]>
            </line>
            <line>
              <![CDATA[[17:07:46.6962605] Search for element By.xpath: //*[@class='custom-radio']]]>
            </line>
            <line>
              <![CDATA[[17:07:46.7629342] Search for element By.name: firstname]]>
            </line>
            <line>
              <![CDATA[[17:07:46.7950232] Change value of input: Tetiana
]]>
            </line>
            <line>
              <![CDATA[[17:07:46.8857572] Changed element input]]>
            </line>
            <line>
              <![CDATA[[17:07:46.8857572] Search for element By.name: lastname]]>
            </line>
            <line>
              <![CDATA[[17:07:46.9103191] Change value of input: Grotan
]]>
            </line>
            <line>
              <![CDATA[[17:07:46.978497] Changed element input]]>
            </line>
            <line>
              <![CDATA[[17:07:46.9789984] Search for element By.name: email]]>
            </line>
            <line>
              <![CDATA[[17:07:47.0070717] Change value of input: grotan@test.mail.com
]]>
            </line>
            <line>
              <![CDATA[[17:07:47.1479406] Changed element input]]>
            </line>
            <line>
              <![CDATA[[17:07:47.1484443] Search for element By.xpath: //*[@id='customer-form']/footer/button]]>
            </line>
            <line>
              <![CDATA[[17:07:47.1694972] Execute script: arguments[0].click()]]>
            </line>
            <line>
              <![CDATA[[17:07:48.4070564] Script executed]]>
            </line>
            <line>
              <![CDATA[[17:07:48.4070564] Search for element By.name: confirm-addresses]]>
            </line>
            <line>
              <![CDATA[[17:07:48.4581889] Search for element By.name: address1]]>
            </line>
            <line>
              <![CDATA[[17:07:48.4903051] Change value of input: Soborna, 1
]]>
            </line>
            <line>
              <![CDATA[[17:07:48.5940762] Changed element input]]>
            </line>
            <line>
              <![CDATA[[17:07:48.5940762] Search for element By.name: postcode]]>
            </line>
            <line>
              <![CDATA[[17:07:48.6241559] Change value of input: 33000
]]>
            </line>
            <line>
              <![CDATA[[17:07:48.697417] Changed element input]]>
            </line>
            <line>
              <![CDATA[[17:07:48.697417] Search for element By.name: city]]>
            </line>
            <line>
              <![CDATA[[17:07:48.7259867] Change value of input: Rivne
]]>
            </line>
            <line>
              <![CDATA[[17:07:48.7921587] Changed element input]]>
            </line>
            <line>
              <![CDATA[[17:07:48.7921587] Search for element By.name: confirm-addresses]]>
            </line>
            <line>
              <![CDATA[[17:07:48.8016842] Execute script: arguments[0].click()]]>
            </line>
            <line>
              <![CDATA[[17:07:50.070162] Script executed]]>
            </line>
            <line>
              <![CDATA[[17:07:50.070162] Search for element By.name: confirmDeliveryOption]]>
            </line>
            <line>
              <![CDATA[[17:07:50.12226] Search for element By.name: confirmDeliveryOption]]>
            </line>
            <line>
              <![CDATA[[17:07:50.1407481] Click on element button]]>
            </line>
            <line>
              <![CDATA[[17:07:51.3797488] Search for element By.cssSelector: #checkout-payment-step > h1:nth-child(1)]]>
            </line>
            <line>
              <![CDATA[[17:07:51.415843] Search for element By.id: payment-option-2]]>
            </line>
            <line>
              <![CDATA[[17:07:51.4404125] Click on element input]]>
            </line>
            <line>
              <![CDATA[[17:07:51.4987701] Search for element By.id: conditions_to_approve[terms-and-conditions]]]>
            </line>
            <line>
              <![CDATA[[17:07:51.5213294] Execute script: arguments[0].click()]]>
            </line>
            <line>
              <![CDATA[[17:07:51.5328594] Script executed]]>
            </line>
            <line>
              <![CDATA[[17:07:51.5333616] Search for element By.xpath: //*[@id='payment-confirmation']/div[1]/button]]>
            </line>
            <line>
              <![CDATA[[17:07:51.5549166] Execute script: arguments[0].click()]]>
            </line>
            <line>
              <![CDATA[[17:07:52.6918762] Script executed]]>
            </line>
            <line>
              <![CDATA[[17:07:52.6918762] Search for element By.xpath: //*[@id='content-hook_order_confirmation']/div/div/div/h3]]>
            </line>
            <line>
              <![CDATA[[17:07:52.7299738] Search for element By.xpath: //*[@id='content-hook_order_confirmation']/div/div/div/h3]]>
            </line>
            <line>
              <![CDATA[[17:07:52.7675748] Search for element By.xpath: //*[@id='order-items']/div/div/div[3]/div/div[1]]]>
            </line>
            <line>
              <![CDATA[[17:07:52.8091799] Search for element By.xpath: //*[@id='order-items']/div/div/div[2]/span]]>
            </line>
            <line>
              <![CDATA[[17:07:52.8482822] Search for element By.xpath: //*[@id='order-items']/div/div/div[3]/div/div[2]]]>
            </line>
            <line>
              <![CDATA[[17:07:52.8898915] Navigate to http://prestashop-automation.qatestlab.com.ua/]]>
            </line>
            <line>
              <![CDATA[[17:07:54.3004067] Search for element By.xpath: //*[@id='content']/section/a]]>
            </line>
            <line>
              <![CDATA[[17:07:54.3781094] Execute script: arguments[0].click()]]>
            </line>
            <line>
              <![CDATA[[17:07:55.57022] Script executed]]>
            </line>
            <line>
              <![CDATA[[17:07:55.57022] Search for element By.xpath: //*[@id='main']/div[1]/h1]]>
            </line>
            <line>
              <![CDATA[[17:07:55.6143351] Search for element By.xpath: //*[contains(text(),'Printed Chiffon Dress')]]]>
            </line>
            <line>
              <![CDATA[[17:07:55.6373962] Execute script: arguments[0].click()]]>
            </line>
            <line>
              <![CDATA[[17:07:56.8833117] Script executed]]>
            </line>
            <line>
              <![CDATA[[17:07:56.8833117] Execute script: scroll(0, 350)]]>
            </line>
            <line>
              <![CDATA[[17:07:56.8893274] Script executed]]>
            </line>
            <line>
              <![CDATA[[17:07:56.8893274] Search for element By.cssSelector: li.nav-item:nth-child(2) > a:nth-child(1)]]>
            </line>
            <line>
              <![CDATA[[17:07:56.9605134] Search for element By.cssSelector: li.nav-item:nth-child(2) > a:nth-child(1)]]>
            </line>
            <line>
              <![CDATA[[17:07:56.9785612] Click on element a]]>
            </line>
            <line>
              <![CDATA[[17:07:57.051251] Search for element By.cssSelector: .h6]]>
            </line>
            <line>
              <![CDATA[[17:07:57.6043089] Search for element By.cssSelector: .product-quantities > span:nth-child(2)]]>
            </line>
          </reporter-output>
        </test-method> <!-- fillInOrderInfo -->
        <test-method is-config="true" signature="tearDown()[pri:0, instance:myprojects.automation.assignment5.tests.PlaceOrderTest@313ac989]" started-at="2017-10-19T17:07:57Z" name="tearDown" finished-at="2017-10-19T17:07:59Z" duration-ms="1846" status="PASS">
          <reporter-output>
          </reporter-output>
        </test-method> <!-- tearDown -->
      </class> <!-- myprojects.automation.assignment5.tests.PlaceOrderTest -->
    </test> <!-- Create New Order [Chrome] -->
  </suite> <!-- Products Management -->
</testng-results>
